Время вызова функции flatten с аргументами ([],) и {} - 2024-07-03 14:55:53.552135, результат - []
Время вызова функции flatten с аргументами (['a'],) и {} - 2024-07-03 14:55:53.557028, результат - ['a']
Время вызова функции flatten с аргументами ([],) и {} - 2024-07-03 14:55:53.558032, результат - []
Время вызова функции flatten с аргументами (['c'],) и {} - 2024-07-03 14:55:53.558032, результат - ['c']
Время вызова функции flatten с аргументами (['b', 'c'],) и {} - 2024-07-03 14:55:53.559031, результат - ['b', 'c']
Время вызова функции flatten с аргументами ([],) и {} - 2024-07-03 14:55:53.559031, результат - []
Время вызова функции flatten с аргументами ([['b', 'c']],) и {} - 2024-07-03 14:55:53.561116, результат - ['b', 'c']
Время вызова функции flatten с аргументами ([['a'], ['b', 'c']],) и {} - 2024-07-03 14:55:53.561116, результат - ['a', 'b', 'c']
Время вызова функции flatten с аргументами ([],) и {} - 2024-07-03 14:55:53.561116, результат - []
Время вызова функции flatten с аргументами (['f'],) и {} - 2024-07-03 14:55:53.566121, результат - ['f']
Время вызова функции flatten с аргументами ([],) и {} - 2024-07-03 14:55:53.566121, результат - []
Время вызова функции flatten с аргументами (['h'],) и {} - 2024-07-03 14:55:53.566121, результат - ['h']
Время вызова функции flatten с аргументами ([['f'], 'h'],) и {} - 2024-07-03 14:55:53.566121, результат - ['f', 'h']
Время вызова функции flatten с аргументами ([],) и {} - 2024-07-03 14:55:53.566121, результат - []
Время вызова функции flatten с аргументами ([7],) и {} - 2024-07-03 14:55:53.566121, результат - [7]
Время вызова функции flatten с аргументами ([[['f'], 'h'], 7],) и {} - 2024-07-03 14:55:53.566121, результат - ['f', 'h', 7]
Время вызова функции flatten с аргументами (['e', [['f'], 'h'], 7],) и {} - 2024-07-03 14:55:53.566121, результат - ['e', 'f', 'h', 7]
Время вызова функции flatten с аргументами (['d', 'e', [['f'], 'h'], 7],) и {} - 2024-07-03 14:55:53.566121, результат - ['d', 'e', 'f', 'h', 7]
Время вызова функции flatten с аргументами ([],) и {} - 2024-07-03 14:55:53.566121, результат - []
Время вызова функции flatten с аргументами (['!'],) и {} - 2024-07-03 14:55:53.566121, результат - ['!']
Время вызова функции flatten с аргументами ([],) и {} - 2024-07-03 14:55:53.566121, результат - []
Время вызова функции flatten с аргументами ([['!']],) и {} - 2024-07-03 14:55:53.566121, результат - ['!']
Время вызова функции flatten с аргументами ([],) и {} - 2024-07-03 14:55:53.571120, результат - []
Время вызова функции flatten с аргументами ([[['!']]],) и {} - 2024-07-03 14:55:53.571120, результат - ['!']
Время вызова функции flatten с аргументами ([],) и {} - 2024-07-03 14:55:53.571120, результат - []
Время вызова функции flatten с аргументами ([[[['!']]]],) и {} - 2024-07-03 14:55:53.571120, результат - ['!']
Время вызова функции flatten с аргументами ([],) и {} - 2024-07-03 14:55:53.571120, результат - []
Время вызова функции flatten с аргументами ([[[[['!']]]]],) и {} - 2024-07-03 14:55:53.571120, результат - ['!']
Время вызова функции flatten с аргументами ([],) и {} - 2024-07-03 14:55:53.571120, результат - []
Время вызова функции flatten с аргументами ([],) и {} - 2024-07-03 14:55:53.571120, результат - []
Время вызова функции flatten с аргументами ([[]],) и {} - 2024-07-03 14:55:53.571120, результат - []
Время вызова функции flatten с аргументами ([[[[[['!']]]]], []],) и {} - 2024-07-03 14:55:53.571120, результат - ['!']
Время вызова функции flatten с аргументами ([4, [[[[['!']]]]], []],) и {} - 2024-07-03 14:55:53.571120, результат - [4, '!']
Время вызова функции flatten с аргументами ([2, 4, [[[[['!']]]]], []],) и {} - 2024-07-03 14:55:53.571120, результат - [2, 4, '!']
Время вызова функции flatten с аргументами ([1, 2, 4, [[[[['!']]]]], []],) и {} - 2024-07-03 14:55:53.571120, результат - [1, 2, 4, '!']
Время вызова функции flatten с аргументами ([],) и {} - 2024-07-03 14:55:53.571120, результат - []
Время вызова функции flatten с аргументами ([[1, 2, 4, [[[[['!']]]]], []]],) и {} - 2024-07-03 14:55:53.576120, результат - [1, 2, 4, '!']
Время вызова функции flatten с аргументами ([['d', 'e', [['f'], 'h'], 7], [1, 2, 4, [[[[['!']]]]], []]],) и {} - 2024-07-03 14:55:53.576120, результат - ['d', 'e', 'f', 'h', 7, 1, 2, 4, '!']
Время вызова функции flatten с аргументами ([[['a'], ['b', 'c']], ['d', 'e', [['f'], 'h'], 7], [1, 2, 4, [[[[['!']]]]], []]],) и {} - 2024-07-03 14:55:53.576120, результат - ['a', 'b', 'c', 'd', 'e', 'f', 'h', 7, 1, 2, 4, '!']
